<?xml version="1.0" encoding="UTF-8"?>
<!-- Generated by org.testng.reporters.JUnitXMLReporter -->
<testsuite hostname="DESKTOP-ORRTOJF" failures="2" tests="2" name="Personal loan" time="0.108" errors="0" timestamp="19 Dec 2023 08:21:01 GMT">
  <testcase classname="TestNGTutorial.Day1" name="demo" time="0.04">
    <failure type="java.lang.AbstractMethodError" message="&amp;apos;void org.testng.ITestListener.onTestStart(org.testng.ITestResult)&amp;apos;">
      <![CDATA[java.lang.AbstractMethodError: 'void org.testng.ITestListener.onTestStart(org.testng.ITestResult)'
	at TestNGTutorial.Listeners.onTestStart(Listeners.java:13)
... Removed 21 stack frames]]>
    </failure>
  </testcase> <!-- demo -->
  <testcase classname="TestNGTutorial.Day1" name="demo" time="0.073">
    <failure type="java.lang.AbstractMethodError" message="&amp;apos;void org.testng.ITestListener.onTestFailure(org.testng.ITestResult)&amp;apos;">
      <![CDATA[java.lang.AbstractMethodError: 'void org.testng.ITestListener.onTestFailure(org.testng.ITestResult)'
	at TestNGTutorial.Listeners.onTestFailure(Listeners.java:25)
... Removed 21 stack frames]]>
    </failure>
  </testcase> <!-- demo -->
</testsuite> <!-- Personal loan -->
