<?xml version="1.0" encoding="UTF-8"?>
<!-- Generated by org.testng.reporters.JUnitXMLReporter -->
<testsuite hostname="DESKTOP-ORRTOJF" failures="0" tests="3" name="Personal loan" time="0.167" errors="0" timestamp="13 Dec 2023 12:24:50 GMT">
  <testcase classname="TestNGTutorial.TestNG" name="demo" time="0.046"/>
  <testcase classname="TestNGTutorial.TestNG" name="secondclass" time="0.013"/>
  <testcase classname="TestNGTutorial.day2" name="thirdclass" time="0.014"/>
</testsuite> <!-- Personal loan -->
