<?xml version="1.0" encoding="UTF-8"?>
<!-- Generated by org.testng.reporters.JUnitXMLReporter -->
<testsuite hostname="DESKTOP-ORRTOJF" failures="0" tests="3" name="Car loan" time="0.026" errors="0" timestamp="18 Dec 2023 08:00:27 GMT">
  <testcase classname="TestNGTutorial.Day4" name="LoginAPIHomeloan" time="0.005"/>
  <testcase classname="TestNGTutorial.Day4" name="MobileloginHomeloan" time="0.004"/>
  <testcase classname="TestNGTutorial.Day4" name="webloginHomeLoan" time="0.002"/>
</testsuite> <!-- Car loan -->
