<?xml version="1.0" encoding="UTF-8"?>
<!-- Generated by org.testng.reporters.JUnitXMLReporter -->
<testsuite hostname="DESKTOP-ORRTOJF" failures="0" tests="6" name="Regression" time="0.181" errors="0" timestamp="15 Dec 2023 06:15:35 GMT">
  <testcase classname="TestNGTutorial.Day3" name="MobileSigninCarloan" time="0.051"/>
  <testcase classname="TestNGTutorial.Day3" name="MobileloginCarloan" time="0.006"/>
  <testcase classname="TestNGTutorial.Day3" name="webloginCarLoan" time="0.007"/>
  <testcase classname="TestNGTutorial.Day4" name="LoginAPIHomeloan" time="0.013"/>
  <testcase classname="TestNGTutorial.Day4" name="webloginHomeLoan" time="0.011"/>
  <testcase classname="TestNGTutorial.Day3" name="LoginAPICarloan" time="0.009"/>
</testsuite> <!-- Regression -->
