<?xml version="1.0" encoding="UTF-8"?>
<testng-results ignored="0" total="1" passed="1" failed="0" skipped="0">
  <reporter-output>
  </reporter-output>
  <suite started-at="2024-02-19T16:27:48 IST" name="Default suite" finished-at="2024-02-19T16:28:25 IST" duration-ms="37658">
    <groups>
    </groups>
    <test started-at="2024-02-19T16:27:48 IST" name="Default test" finished-at="2024-02-19T16:28:25 IST" duration-ms="37658">
      <class name="rahulshettyacademy.ExtentReports.ExtentReportsDemo">
        <test-method is-config="true" signature="config()[pri:0, instance:rahulshettyacademy.ExtentReports.ExtentReportsDemo@3c77d488]" started-at="2024-02-19T16:27:48 IST" name="config" finished-at="2024-02-19T16:27:50 IST" duration-ms="2528" status="PASS">
          <reporter-output>
          </reporter-output>
        </test-method> <!-- config -->
        <test-method signature="initialDemo()[pri:0, instance:rahulshettyacademy.ExtentReports.ExtentReportsDemo@3c77d488]" started-at="2024-02-19T16:27:51 IST" name="initialDemo" finished-at="2024-02-19T16:28:25 IST" duration-ms="34418" status="PASS">
          <reporter-output>
          </reporter-output>
        </test-method> <!-- initialDemo -->
      </class> <!-- rahulshettyacademy.ExtentReports.ExtentReportsDemo -->
    </test> <!-- Default test -->
  </suite> <!-- Default suite -->
</testng-results>
